app/build/intermediates/manifest_merge_blame_file/debug/manifest-merger-blame-debug-report.txt
1<?xml version="1.0" encoding="utf-8"?>
2<manifest xmlns:android="http://schemas.android.com/apk/res/android"
3    package="com.axiel7.mydrobe"
4    android:versionCode="1"
5    android:versionName="1.0" >
6
7    <uses-sdk
8        android:minSdkVersion="23"
8-->src\main\AndroidManifest.xml
9        android:targetSdkVersion="30" />
9-->src\main\AndroidManifest.xml
10
11    <uses-feature android:name="android.hardware.camera.any" />
11-->src\main\AndroidManifest.xml:5:5-64
11-->src\main\AndroidManifest.xml:5:19-61
12
13    <uses-permission android:name="android.permission.CAMERA" />
13-->src\main\AndroidManifest.xml:6:5-65
13-->src\main\AndroidManifest.xml:6:22-62
14
15    <queries>
15-->src\main\AndroidManifest.xml:7:5-11:15
16        <intent>
16-->src\main\AndroidManifest.xml:8:9-10:18
17            <action android:name="android.media.action.IMAGE_CAPTURE" />
17-->src\main\AndroidManifest.xml:9:13-73
17-->src\main\AndroidManifest.xml:9:21-70
18        </intent>
19    </queries>
20
21    <application
21-->src\main\AndroidManifest.xml:13:5-41:19
22        android:name="com.axiel7.mydrobe.MyApplication"
22-->src\main\AndroidManifest.xml:17:9-38
23        android:allowBackup="true"
23-->src\main\AndroidManifest.xml:14:9-35
24        android:appComponentFactory="androidx.core.app.CoreComponentFactory"
24-->[androidx.core:core:1.5.0] AndroidManifest.xml:24:18-86
25        android:debuggable="true"
26        android:extractNativeLibs="false"
27        android:icon="@mipmap/ic_launcher"
27-->src\main\AndroidManifest.xml:15:9-43
28        android:label="@string/app_name"
28-->src\main\AndroidManifest.xml:16:9-41
29        android:roundIcon="@mipmap/ic_launcher_round"
29-->src\main\AndroidManifest.xml:18:9-54
30        android:supportsRtl="true"
30-->src\main\AndroidManifest.xml:19:9-35
31        android:testOnly="true"
32        android:theme="@style/Theme.MyDrobe" >
32-->src\main\AndroidManifest.xml:20:9-45
33        <activity
33-->src\main\AndroidManifest.xml:21:9-30:20
34            android:name="com.axiel7.mydrobe.MainActivity"
34-->src\main\AndroidManifest.xml:22:13-41
35            android:exported="true"
35-->src\main\AndroidManifest.xml:24:13-36
36            android:label="@string/app_name" >
36-->src\main\AndroidManifest.xml:23:13-45
37            <intent-filter>
37-->src\main\AndroidManifest.xml:25:13-29:29
38                <action android:name="android.intent.action.MAIN" />
38-->src\main\AndroidManifest.xml:26:17-69
38-->src\main\AndroidManifest.xml:26:25-66
39
40                <category android:name="android.intent.category.LAUNCHER" />
40-->src\main\AndroidManifest.xml:28:17-77
40-->src\main\AndroidManifest.xml:28:27-74
41            </intent-filter>
42        </activity>
43
44        <provider
45            android:name="androidx.core.content.FileProvider"
45-->src\main\AndroidManifest.xml:33:13-62
46            android:authorities="com.axiel7.mydrobe.provider"
46-->src\main\AndroidManifest.xml:34:13-60
47            android:exported="false"
47-->src\main\AndroidManifest.xml:36:13-37
48            android:grantUriPermissions="true" >
48-->src\main\AndroidManifest.xml:35:13-47
49            <meta-data
49-->src\main\AndroidManifest.xml:37:13-39:54
50                android:name="android.support.FILE_PROVIDER_PATHS"
50-->src\main\AndroidManifest.xml:38:17-67
51                android:resource="@xml/file_paths" />
51-->src\main\AndroidManifest.xml:39:17-51
52        </provider>
53
54        <service
54-->[androidx.room:room-runtime:2.3.0] AndroidManifest.xml:25:9-28:40
55            android:name="androidx.room.MultiInstanceInvalidationService"
55-->[androidx.room:room-runtime:2.3.0] AndroidManifest.xml:26:13-74
56            android:directBootAware="true"
56-->[androidx.room:room-runtime:2.3.0] AndroidManifest.xml:27:13-43
57            android:exported="false" />
57-->[androidx.room:room-runtime:2.3.0] AndroidManifest.xml:28:13-37
58    </application>
59
60</manifest>